<?xml version="1.0" encoding="UTF-8" ?>

<testsuite failures="0" time="0.032" errors="0" skipped="0" tests="3" name="PostTest">
  <testcase classname="PostTest" name="testCreatePost" time="0.008">
      </testcase>
  <testcase classname="PostTest" name="testFindPost" time="0.011">
      </testcase>
  <testcase classname="PostTest" name="testPostSize" time="0.013">
      </testcase>
</testsuite>
